<?xml version="1.0" encoding="UTF-8"?>
<testng-results skipped="2" failed="0" total="2" passed="0">
  <reporter-output>
  </reporter-output>
  <suite name="suite of suites" duration-ms="0" started-at="2017-05-08T10:04:01Z" finished-at="2017-05-08T10:04:01Z">
    <groups>
    </groups>
  </suite> <!-- suite of suites -->
  <suite name="pattern1" duration-ms="12" started-at="2017-05-08T10:04:01Z" finished-at="2017-05-08T10:04:01Z">
    <groups>
    </groups>
    <test name="lifecycle-pattern1" duration-ms="12" started-at="2017-05-08T10:04:01Z" finished-at="2017-05-08T10:04:01Z">
      <class name="org.wso2.ballerina.deployment.routing.ContentBasedRouting">
        <test-method status="FAIL" signature="createEnvironment(org.testng.ITestContext)[pri:0, instance:org.wso2.ballerina.deployment.routing.ContentBasedRouting@1786dec2]" name="createEnvironment" is-config="true" duration-ms="0" started-at="2017-05-08T15:34:01Z" finished-at="2017-05-08T15:34:01Z">
          <params>
            <param index="0">
              <value>
                <![CDATA[org.testng.TestRunner@815b41f]]>
              </value>
            </param>
          </params>
          <exception class="java.lang.NullPointerException">
            <full-stacktrace>
              <![CDATA[java.lang.NullPointerException
	at org.wso2.ballerina.BallerinaIntegrationBase.setURLs(BallerinaIntegrationBase.java:59)
	at org.wso2.ballerina.BallerinaIntegrationBase.init(BallerinaIntegrationBase.java:43)
	at org.wso2.ballerina.deployment.Base.BallerinaBaseTest.createEnvironment(BallerinaBaseTest.java:24)
	at sun.reflect.NativeMethodAccessorImpl.invoke0(Native Method)
	at sun.reflect.NativeMethodAccessorImpl.invoke(NativeMethodAccessorImpl.java:62)
	at sun.reflect.DelegatingMethodAccessorImpl.invoke(DelegatingMethodAccessorImpl.java:43)
	at java.lang.reflect.Method.invoke(Method.java:497)
	at org.testng.internal.MethodInvocationHelper.invokeMethod(MethodInvocationHelper.java:86)
	at org.testng.internal.Invoker.invokeConfigurationMethod(Invoker.java:514)
	at org.testng.internal.Invoker.invokeConfigurations(Invoker.java:215)
	at org.testng.internal.Invoker.invokeConfigurations(Invoker.java:142)
	at org.testng.SuiteRunner.privateRun(SuiteRunner.java:305)
	at org.testng.SuiteRunner.run(SuiteRunner.java:268)
	at org.testng.SuiteRunnerWorker.runSuite(SuiteRunnerWorker.java:52)
	at org.testng.SuiteRunnerWorker.run(SuiteRunnerWorker.java:86)
	at org.testng.TestNG.runSuitesSequentially(TestNG.java:1244)
	at org.testng.TestNG.runSuitesSequentially(TestNG.java:1240)
	at org.testng.TestNG.runSuitesLocally(TestNG.java:1169)
	at org.testng.TestNG.run(TestNG.java:1064)
	at org.apache.maven.surefire.testng.TestNGExecutor.run(TestNGExecutor.java:293)
	at org.apache.maven.surefire.testng.TestNGXmlTestSuite.execute(TestNGXmlTestSuite.java:84)
	at org.apache.maven.surefire.testng.TestNGProvider.invoke(TestNGProvider.java:91)
	at org.apache.maven.surefire.booter.ForkedBooter.invokeProviderInSameClassLoader(ForkedBooter.java:200)
	at org.apache.maven.surefire.booter.ForkedBooter.runSuitesInProcess(ForkedBooter.java:153)
	at org.apache.maven.surefire.booter.ForkedBooter.main(ForkedBooter.java:103)
]]>
            </full-stacktrace>
          </exception> <!-- java.lang.NullPointerException -->
          <reporter-output>
          </reporter-output>
        </test-method> <!-- createEnvironment -->
        <test-method status="PASS" signature="init(org.testng.ITestContext)[pri:0, instance:org.wso2.ballerina.deployment.routing.ContentBasedRouting@1786dec2]" name="init" is-config="true" duration-ms="1" started-at="2017-05-08T15:34:01Z" finished-at="2017-05-08T15:34:01Z">
          <params>
            <param index="0">
              <value>
                <![CDATA[org.testng.TestRunner@815b41f]]>
              </value>
            </param>
          </params>
          <reporter-output>
          </reporter-output>
        </test-method> <!-- init -->
        <test-method status="SKIP" signature="sendGet()[pri:0, instance:org.wso2.ballerina.deployment.routing.ContentBasedRouting@1786dec2]" name="sendGet" duration-ms="1" started-at="2017-05-08T15:34:01Z" finished-at="2017-05-08T15:34:01Z">
          <reporter-output>
          </reporter-output>
        </test-method> <!-- sendGet -->
        <test-method status="SKIP" signature="sendPost()[pri:0, instance:org.wso2.ballerina.deployment.routing.ContentBasedRouting@1786dec2]" name="sendPost" duration-ms="0" started-at="2017-05-08T15:34:01Z" finished-at="2017-05-08T15:34:01Z">
          <reporter-output>
          </reporter-output>
        </test-method> <!-- sendPost -->
        <test-method status="PASS" signature="deleteEnvironment(org.testng.ITestContext)[pri:0, instance:org.wso2.ballerina.deployment.routing.ContentBasedRouting@1786dec2]" name="deleteEnvironment" is-config="true" duration-ms="7" started-at="2017-05-08T15:34:01Z" finished-at="2017-05-08T15:34:01Z">
          <params>
            <param index="0">
              <value>
                <![CDATA[org.testng.TestRunner@815b41f]]>
              </value>
            </param>
          </params>
          <reporter-output>
          </reporter-output>
        </test-method> <!-- deleteEnvironment -->
      </class> <!-- org.wso2.ballerina.deployment.routing.ContentBasedRouting -->
    </test> <!-- lifecycle-pattern1 -->
  </suite> <!-- pattern1 -->
  <suite name="pattern2" duration-ms="0" started-at="2017-05-08T10:04:01Z" finished-at="2017-05-08T10:04:01Z">
    <groups>
    </groups>
    <test name="lifecycle-pattern2" duration-ms="0" started-at="2017-05-08T10:04:01Z" finished-at="2017-05-08T10:04:01Z">
    </test> <!-- lifecycle-pattern2 -->
  </suite> <!-- pattern2 -->
</testng-results>
