<?xml version="1.0" encoding="UTF-8"?>
<!-- Generated by org.testng.reporters.JUnitXMLReporter -->
<testsuite hostname="dilinig" name="lifecycle-pattern1" tests="2" failures="0" timestamp="8 May 2017 10:04:01 GMT" time="0.012" errors="0">
  <testcase name="@BeforeSuite createEnvironment" time="0.0" classname="org.wso2.ballerina.deployment.routing.ContentBasedRouting">
    <failure type="java.lang.NullPointerException">
      <![CDATA[java.lang.NullPointerException
	at org.wso2.ballerina.BallerinaIntegrationBase.setURLs(BallerinaIntegrationBase.java:59)
	at org.wso2.ballerina.BallerinaIntegrationBase.init(BallerinaIntegrationBase.java:43)
	at org.wso2.ballerina.deployment.Base.BallerinaBaseTest.createEnvironment(BallerinaBaseTest.java:24)
... Removed 22 stack frames]]>
    </failure>
  </testcase> <!-- @BeforeSuite createEnvironment -->
  <testcase name="sendGet" time="0.001" classname="org.wso2.ballerina.deployment.routing.ContentBasedRouting">
    <skipped/>
  </testcase> <!-- sendGet -->
  <testcase name="sendPost" time="0.0" classname="org.wso2.ballerina.deployment.routing.ContentBasedRouting">
    <skipped/>
  </testcase> <!-- sendPost -->
</testsuite> <!-- lifecycle-pattern1 -->
